[3.1.2017, 12:22] Test (AmiAmi) Januar 2017 - 0.01€ hinzugefügt
[3.1.2017, 12:25] test (AmiAmi) Januar 2017 - 0.01€ hinzugefügt
[3.1.2017, 12:27] dfgdfg (AmiAmi) Januar 2017 - 123.0€ hinzugefügt
[3.1.2017, 12:27] ertzuiujztr rtzu iuztre er tzuio iu ztr er iouzt e r t (AmiAmi) Januar 2017 - 0.06€ hinzugefügt
[3.1.2017, 12:28] ersd ff (KOINEKO) Anfang März 2019 - 100000.2€ hinzugefügt
[3.1.2017, 12:35] Nekopara Chibi Box Set (KOINEKO) Ende Dezember 2016 - 100.0€ hinzugefügt
[3.1.2017, 12:36] Nekopara Chibi Box Set (KOINEKO) Ende Dezember 2016 - 102.03€ hinzugefügt
[3.1.2017, 12:38] dfghjuiop (KOINEKO) Anfang September 2017 - 9999.01€ hinzugefügt
[3.1.2017, 12:39] sdfghjk (AmiAmi) Januar 2017 - 23456.0€ hinzugefügt
[3.1.2017, 12:39] sdfghjk (AmiAmi) Januar 2017 - 5432.0€ hinzugefügt
[3.1.2017, 12:39] ffds  a  de f  (Figuya) Januar 2017 - 1343.99€ hinzugefügt
[3.1.2017, 12:43] asd (AmiAmi) Januar 2017 - 120.0€ hinzugefügt
[3.1.2017, 12:43] 123 (AmiAmi) Januar 2017 - 123.0€ hinzugefügt
[3.1.2017, 12:43] 123 (AmiAmi) Januar 2017 - 1230.0€ hinzugefügt
[3.1.2017, 12:43] 34 (AmiAmi) Januar 2017 - 340.0€ hinzugefügt
[3.1.2017, 13:7] sgf (AmiAmi) Januar 2017 - 0.02€ hinzugefügt
[3.1.2017, 13:7] dsfdf (AmiAmi) Januar 2017 - 234.0€ hinzugefügt
[3.1.2017, 13:15] 3e456 (AmiAmi) Januar 2017 - 6540.0€ hinzugefügt
[3.1.2017, 15:17] dfgh (AmiAmi) Januar 2017 - 12.0€ hinzugefügt
[3.1.2017, 15:22] Figur (Figuya) April 2017 - 121.95€ hinzugefügt
[3.1.2017, 15:22] 12334 (KOINEKO) Anfang Mai 2019 - 2340.0€ hinzugefügt
[3.1.2017, 15:25] sdfg (AmiAmi) Januar 2017 - 1340.0€ hinzugefügt
[3.1.2017, 15:25] 1324 (KOINEKO) Mitte April 2018 - 340.0€ hinzugefügt
[3.1.2017, 15:32] ert (AmiAmi) Januar 2017 - 324.0€ hinzugefügt
[3.1.2017, 15:35] 123 (AmiAmi) Januar 2017 - 1230.0€ hinzugefügt
[3.1.2017, 15:35] 12 (AmiAmi) Januar 2017 - 31230.0€ hinzugefügt
[3.1.2017, 15:35] 12 (AmiAmi) Januar 2017 - 31230.0€ hinzugefügt
[3.1.2017, 15:35] 123 (AmiAmi) Januar 2017 - 1230.0€ hinzugefügt
[3.1.2017, 15:39] ter (AmiAmi) Januar 2017 - 1230.0€ hinzugefügt
[3.1.2017, 15:39] 132 (AmiAmi) Januar 2017 - 1230.0€ hinzugefügt
[3.1.2017, 15:46] 12 (AmiAmi) Januar 2017 - 1230.0€ hinzugefügt
[3.1.2017, 15:47] 123 (AmiAmi) Januar 2017 - 1230.0€ hinzugefügt
[3.1.2017, 16:3] Nekopara Chibi Box Set (KOINEKO) Ende Dezember 2016 - 100.0€ hinzugefügt
[3.1.2017, 16:43] Buchung durchgeführt: Sackgesicht (-2421.0€)
[3.1.2017, 16:46] Lala Satalin Deviluke 1/6 Figur (AmiAmi) Ende Januar 2017 - 140.0€ hinzugefügt
[3.1.2017, 16:47] Love Trouble Darkness 16 (Amazon) Feburar 2017 - 6.95€ hinzugefügt
[3.1.2017, 16:48] I Heart Monster Girls Vol.4 (Amazon) Mai 2017 - 1190.0€ hinzugefügt
[3.1.2017, 16:49] Marie Rose 1/6 Figur (Figuya) April 2017 - 164.9€ hinzugefügt
[3.1.2017, 16:50] Monster Musume Vol.11 (Amazon) Mai 2017 - 11.9€ hinzugefügt
[3.1.2017, 16:51] Shidare Hotaru 1/7 Figur (Figuya) Mai 2017 - 200.0€ hinzugefügt
[3.1.2017, 16:51] Mikan Yuuki 1/6 Figur (Figuya) Juni 2017 - 180.0€ hinzugefügt
[3.1.2017, 16:52] Shidare Hotaru 1/8 Figur (AmiAmi) Juli 2017 - 100.0€ hinzugefügt
[3.1.2017, 16:52] Monster Musume Vol.12 (Amazon) September 2017 - 11.63€ hinzugefügt
[3.1.2017, 17:9] 123 (AmiAmi) Januar 2017 - 1230.0€ hinzugefügt
[3.1.2017, 17:9] 123 (AmiAmi) Anfang Januar 2017 - 1230.0€ hinzugefügt
[3.1.2017, 17:10] 123 (AmiAmi) Januar 2016 - 1230.0€ hinzugefügt
[3.1.2017, 17:10] 34 (AmiAmi) Januar 2018 - 340.0€ hinzugefügt
[3.1.2017, 17:10] 432 (AmiAmi) Januar 2016 - 4320.0€ hinzugefügt
[3.1.2017, 17:13] 12 (AmiAmi) Januar 2017 - 12.0€ hinzugefügt
[3.1.2017, 17:13] Plan abgeschlossen: 12 (AmiAmi) Januar 2017 - 12.0€
[3.1.2017, 17:20] 34 (AmiAmi) Januar 2017 - 1230.0€ hinzugefügt
[3.1.2017, 17:20] 34 (AmiAmi) Januar 2017 - 1230.0€ entfernt
[3.1.2017, 17:20] 12 (AmiAmi) Januar 2017 - 120.0€ hinzugefügt
[3.1.2017, 18:8] 123 (AmiAmi) Juni 2017 - 1230.0€ hinzugefügt
[3.1.2017, 18:10] 123 (AmiAmi) April 2017 - 1230.0€ hinzugefügt
[3.1.2017, 18:10] 123 (AmiAmi) April 2017 - 1230.0€ entfernt
[3.1.2017, 18:18] Lala Satalin Deviluke 1/6 Figur (AmiAmi) Ende Januar 2017 - 140.0€ hinzugefügt
[3.1.2017, 18:19] Love Trouble Darkness 16 (Amazon) Mitte Feburar 2017 - 6.95€ hinzugefügt
[3.1.2017, 18:19] Monster Musume: I Heart Monster Girls Vol. 4 (Amazon) Anfang April 2017 - 11.9€ hinzugefügt
[3.1.2017, 18:20] Marie Rose 1/6 Figur (Figuya) Ende April 2017 - 164.9€ hinzugefügt
[3.1.2017, 18:21] Monster Musume Vol. 11 (Amazon) Ende April 2017 - 11.9€ hinzugefügt
[3.1.2017, 18:22] Shidare Hotaru 1/7 Figur (Figuya) Ende Mai 2017 - 199.9€ hinzugefügt
[3.1.2017, 18:23] Yuuki Mikan 1/6 Figur (Figuya) Ende Juni 2017 - 179.8€ hinzugefügt
[3.1.2017, 18:23] Shidare Hotaru 1/8 Figur (AmiAmi) Juli 2017 - 100.0€ hinzugefügt
[3.1.2017, 18:24] Monster Musume Vol. 12 (Amazon) Ende August 2017 - 11.95€ hinzugefügt
[3.1.2017, 18:28] Surface Reperatur test (AmiAmi) Mitte Januar 2017 - 350.0€ hinzugefügt
[3.1.2017, 18:29] Surface Reperatur test (AmiAmi) Mitte Januar 2017 - 350.0€ entfernt
